<?xml version="1.0" encoding="UTF-8"?>
<testsuite xmlns:xsi="http://www.w3.org/2001/XMLSchema-instance" xsi:noNamespaceSchemaLocation="https://maven.apache.org/surefire/maven-surefire-plugin/xsd/surefire-test-report.xsd" version="3.0.2" name="com.veicoli.sb.veicoli.VeicoliTest" time="0.742" tests="1" errors="0" skipped="0" failures="1" flakes="0">
  <properties>
[...]
</properties>
  <testcase name="listVeicoliTest" classname="com.veicoli.sb.veicoli.VeicoliTest" time="0.149">
    <failure message="expected: &lt;false&gt; but was: &lt;true&gt;" type="org.opentest4j.AssertionFailedError"><![CDATA[org.opentest4j.AssertionFailedError: expected: <false> but was: <true>
	at org.junit.jupiter.api.AssertionFailureBuilder.build(AssertionFailureBuilder.java:158)
	at org.junit.jupiter.api.AssertionFailureBuilder.buildAndThrow(AssertionFailureBuilder.java:139)
	at org.junit.jupiter.api.AssertFalse.failNotFalse(AssertFalse.java:69)
	at org.junit.jupiter.api.AssertFalse.assertFalse(AssertFalse.java:41)
	at org.junit.jupiter.api.AssertFalse.assertFalse(AssertFalse.java:35)
	at org.junit.jupiter.api.Assertions.assertFalse(Assertions.java:246)
	at com.veicoli.sb.veicoli.VeicoliTest.listVeicoliTest(VeicoliTest.java:53)
]]></failure>
    <system-out><![CDATA[2026/06/23 11:09:29,018 [INFO] [main] detectDefaultConfigurationClasses(AnnotationConfigContextLoaderUtils.java:82) - Could not detect default configuration classes for test class [com.veicoli.sb.veicoli.VeicoliTest]: VeicoliTest does not declare any static, non-private, non-final, nested classes annotated with @Configuration.
2026/06/23 11:09:29,032 [INFO] [main] getOrFindConfigurationClasses(SpringBootTestContextBootstrapper.java:211) - Found @SpringBootConfiguration com.veicoli.sb.ProjettoVeicoliSbApplication for test class com.veicoli.sb.veicoli.VeicoliTest
2026/06/23 11:09:29,034 [INFO] [main] detectDefaultConfigurationClasses(AnnotationConfigContextLoaderUtils.java:82) - Could not detect default configuration classes for test class [com.veicoli.sb.veicoli.VeicoliTest]: VeicoliTest does not declare any static, non-private, non-final, nested classes annotated with @Configuration.
2026/06/23 11:09:29,036 [INFO] [main] getOrFindConfigurationClasses(SpringBootTestContextBootstrapper.java:211) - Found @SpringBootConfiguration com.veicoli.sb.ProjettoVeicoliSbApplication for test class com.veicoli.sb.veicoli.VeicoliTest
2026/06/23 11:09:29,043 [INFO] [main] onApplicationStartingEvent(RestartApplicationListener.java:74) - Restart disabled due to context in which it is running

  .   ____          _            __ _ _
 /\\ / ___'_ __ _ _(_)_ __  __ _ \ \ \ \
( ( )\___ | '_ | '_| | '_ \/ _` | \ \ \ \
 \\/  ___)| |_)| | | | | || (_| |  ) ) ) )
  '  |____| .__|_| |_|_| |_\__, | / / / /
 =========|_|==============|___/=/_/_/_/

 :: Spring Boot ::                (v4.1.0)

2026/06/23 11:09:29,059 [INFO] [main] logStarting(StartupInfoLogger.java:54) - Starting VeicoliTest using Java 25.0.3 with PID 20364 (started by elnaz in C:\Users\elnaz\eclipse-workspace\projettoVeicoliSB)
2026/06/23 11:09:29,059 [INFO] [main] logStartupProfileInfo(SpringApplication.java:652) - No active profile set, falling back to 1 default profile: "default"
2026/06/23 11:09:29,206 [INFO] [main] multipleStoresDetected(RepositoryConfigurationDelegate.java:291) - Multiple Spring Data modules found, entering strict repository configuration mode
2026/06/23 11:09:29,206 [INFO] [main] registerRepositoriesIn(RepositoryConfigurationDelegate.java:145) - Bootstrapping Spring Data JDBC repositories in DEFAULT mode.
2026/06/23 11:09:29,212 [INFO] [main] isStrictRepositoryCandidate(RepositoryConfigurationExtensionSupport.java:327) - Spring Data JDBC - Could not safely identify store assignment for repository candidate interface com.veicoli.sb.repositories.IBiciRepository; If you want this repository to be a JDBC repository, consider annotating your entities with one of these annotations: org.springframework.data.relational.core.mapping.Table.
2026/06/23 11:09:29,213 [INFO] [main] isStrictRepositoryCandidate(RepositoryConfigurationExtensionSupport.java:327) - Spring Data JDBC - Could not safely identify store assignment for repository candidate interface com.veicoli.sb.repositories.ICategoriaRepository; If you want this repository to be a JDBC repository, consider annotating your entities with one of these annotations: org.springframework.data.relational.core.mapping.Table.
2026/06/23 11:09:29,214 [INFO] [main] isStrictRepositoryCandidate(RepositoryConfigurationExtensionSupport.java:327) - Spring Data JDBC - Could not safely identify store assignment for repository candidate interface com.veicoli.sb.repositories.IMacchinaRepository; If you want this repository to be a JDBC repository, consider annotating your entities with one of these annotations: org.springframework.data.relational.core.mapping.Table.
2026/06/23 11:09:29,214 [INFO] [main] isStrictRepositoryCandidate(RepositoryConfigurationExtensionSupport.java:327) - Spring Data JDBC - Could not safely identify store assignment for repository candidate interface com.veicoli.sb.repositories.IMessaggiRepository; If you want this repository to be a JDBC repository, consider annotating your entities with one of these annotations: org.springframework.data.relational.core.mapping.Table.
2026/06/23 11:09:29,214 [INFO] [main] isStrictRepositoryCandidate(RepositoryConfigurationExtensionSupport.java:327) - Spring Data JDBC - Could not safely identify store assignment for repository candidate interface com.veicoli.sb.repositories.IMotoRepository; If you want this repository to be a JDBC repository, consider annotating your entities with one of these annotations: org.springframework.data.relational.core.mapping.Table.
2026/06/23 11:09:29,214 [INFO] [main] isStrictRepositoryCandidate(RepositoryConfigurationExtensionSupport.java:327) - Spring Data JDBC - Could not safely identify store assignment for repository candidate interface com.veicoli.sb.repositories.ITargaRepository; If you want this repository to be a JDBC repository, consider annotating your entities with one of these annotations: org.springframework.data.relational.core.mapping.Table.
2026/06/23 11:09:29,214 [INFO] [main] isStrictRepositoryCandidate(RepositoryConfigurationExtensionSupport.java:327) - Spring Data JDBC - Could not safely identify store assignment for repository candidate interface com.veicoli.sb.repositories.ITipoAlimentazioneRepository; If you want this repository to be a JDBC repository, consider annotating your entities with one of these annotations: org.springframework.data.relational.core.mapping.Table.
2026/06/23 11:09:29,214 [INFO] [main] isStrictRepositoryCandidate(RepositoryConfigurationExtensionSupport.java:327) - Spring Data JDBC - Could not safely identify store assignment for repository candidate interface com.veicoli.sb.repositories.ITipoFrenoRepository; If you want this repository to be a JDBC repository, consider annotating your entities with one of these annotations: org.springframework.data.relational.core.mapping.Table.
2026/06/23 11:09:29,215 [INFO] [main] isStrictRepositoryCandidate(RepositoryConfigurationExtensionSupport.java:327) - Spring Data JDBC - Could not safely identify store assignment for repository candidate interface com.veicoli.sb.repositories.ITipoSospensioneRepository; If you want this repository to be a JDBC repository, consider annotating your entities with one of these annotations: org.springframework.data.relational.core.mapping.Table.
2026/06/23 11:09:29,215 [INFO] [main] isStrictRepositoryCandidate(RepositoryConfigurationExtensionSupport.java:327) - Spring Data JDBC - Could not safely identify store assignment for repository candidate interface com.veicoli.sb.repositories.IVeicoliRepository; If you want this repository to be a JDBC repository, consider annotating your entities with one of these annotations: org.springframework.data.relational.core.mapping.Table.
2026/06/23 11:09:29,215 [INFO] [main] registerRepositoriesIn(RepositoryConfigurationDelegate.java:213) - Finished Spring Data repository scanning in 8 ms. Found 0 JDBC repository interfaces.
2026/06/23 11:09:29,217 [INFO] [main] multipleStoresDetected(RepositoryConfigurationDelegate.java:291) - Multiple Spring Data modules found, entering strict repository configuration mode
2026/06/23 11:09:29,217 [INFO] [main] registerRepositoriesIn(RepositoryConfigurationDelegate.java:145) - Bootstrapping Spring Data JPA repositories in DEFAULT mode.
2026/06/23 11:09:29,239 [INFO] [main] registerRepositoriesIn(RepositoryConfigurationDelegate.java:213) - Finished Spring Data repository scanning in 19 ms. Found 10 JPA repository interfaces.
2026/06/23 11:09:29,302 [INFO] [main] logPersistenceUnitInformation(LogHelper.java:102) - HHH008540: Processing PersistenceUnitInfo [name: default]
2026/06/23 11:09:29,334 [INFO] [main] addTransformer(SpringPersistenceUnitInfo.java:129) - No LoadTimeWeaver setup: ignoring JPA class transformer
2026/06/23 11:09:29,336 [INFO] [main] getConnection(HikariDataSource.java:109) - HikariPool-2 - Starting...
2026/06/23 11:09:29,338 [INFO] [main] checkFailFast(HikariPool.java:580) - HikariPool-2 - Added connection conn10: url=jdbc:h2:mem:JPA user=SA
2026/06/23 11:09:29,338 [INFO] [main] getConnection(HikariDataSource.java:122) - HikariPool-2 - Start completed.
2026/06/23 11:09:29,341 [INFO] [main] logConnectionInfo(JdbcEnvironmentInitiator.java:179) - HHH10001005: Database info:
	Database JDBC URL [jdbc:h2:mem:JPA]
	Database driver: H2 JDBC Driver
	Database dialect: H2Dialect
	Database version: 2.4.240
	Default catalog/schema: JPA/PUBLIC
	Autocommit mode: undefined/unknown
	Isolation level: READ_COMMITTED [default READ_COMMITTED]
	JDBC fetch size: 100
	Pool: DataSourceConnectionProvider
	Minimum pool size: undefined/unknown
	Maximum pool size: undefined/unknown
2026/06/23 11:09:29,390 [WARN] [main] checkCompositeIdentifier(RootClass.java:352) - HHH000038: Composite id class does not override equals(): com.veicoli.sb.models.MessageID
2026/06/23 11:09:29,421 [INFO] [main] initiateService(JtaPlatformInitiator.java:53) - HHH000489: No JTA platform available (set 'hibernate.transaction.jta.platform' to enable JTA platform integration)
2026/06/23 11:09:29,428 [INFO] [main] buildNativeEntityManagerFactory(AbstractEntityManagerFactoryBean.java:464) - Initialized JPA EntityManagerFactory for persistence unit 'default'
2026/06/23 11:09:29,503 [WARN] [main] openEntityManagerInViewInterceptor(JpaBaseConfiguration.java:261) - spring.jpa.open-in-view is enabled by default. Therefore, database queries may be performed during view rendering. Explicitly configure spring.jpa.open-in-view to disable this warning
2026/06/23 11:09:29,597 [INFO] [main] log(MockServletContext.java:431) - Initializing Spring TestDispatcherServlet ''
2026/06/23 11:09:29,597 [INFO] [main] initServletBean(FrameworkServlet.java:523) - Initializing Servlet ''
2026/06/23 11:09:29,598 [INFO] [main] initServletBean(FrameworkServlet.java:545) - Completed initialization in 1 ms
2026/06/23 11:09:29,606 [INFO] [main] logStarted(StartupInfoLogger.java:60) - Started VeicoliTest in 0.563 seconds (process running for 5.653)

MockHttpServletRequest:
      HTTP Method = GET
      Request URI = /rest/veicoli/list
       Parameters = {}
          Headers = []
             Body = null
    Session Attrs = {}

Handler:
             Type = com.veicoli.sb.controllers.VeicoliController
           Method = com.veicoli.sb.controllers.VeicoliController#list()

Async:
    Async started = false
     Async result = null

Resolved Exception:
             Type = null

ModelAndView:
        View name = null
             View = null
            Model = null

FlashMap:
       Attributes = null

MockHttpServletResponse:
           Status = 200
    Error message = null
          Headers = [Content-Type:"application/json"]
     Content type = application/json
             Body = []
    Forwarded URL = null
   Redirected URL = null
          Cookies = []
]]></system-out>
  </testcase>
</testsuite>